<?xml version="1.0" encoding="UTF-8"?>
<testsuite xmlns:xsi="http://www.w3.org/2001/XMLSchema-instance" xsi:noNamespaceSchemaLocation="https://maven.apache.org/surefire/maven-surefire-plugin/xsd/surefire-test-report.xsd" name="MyRunner.RunnerTest" time="25.622" tests="4" errors="0" skipped="0" failures="2">
  <properties>
[...]
</properties>
  <testcase name="Given User already on the login page" classname="Scenario: Login to CRM site" time="0.003"/>
  <testcase name="When User enters the username and password" classname="Scenario: Login to CRM site" time="0"/>
  <testcase name="Then user successfully logged into the CRM site" classname="Scenario: Login to CRM site" time="0.007">
    <failure message="expected:&lt;CRMPRO[1]&gt; but was:&lt;CRMPRO[]&gt;" type="org.junit.ComparisonFailure"><![CDATA[org.junit.ComparisonFailure: expected:<CRMPRO[1]> but was:<CRMPRO[]>
]]></failure>
    <system-out><![CDATA[CRMPRO
]]></system-out>
  </testcase>
  <testcase name="Scenario: Login to CRM site" classname="Scenario: Login to CRM site" time="0.008">
    <failure message="expected:&lt;CRMPRO[1]&gt; but was:&lt;CRMPRO[]&gt;" type="org.junit.ComparisonFailure"><![CDATA[org.junit.ComparisonFailure: expected:<CRMPRO[1]> but was:<CRMPRO[]>
]]></failure>
  </testcase>
</testsuite>